[20:07:45] [Client thread/INFO]: Setting user: Player254
[20:07:47] [Client thread/INFO]: LWJGL Version: 2.9.1
[20:07:50] [Client thread/INFO]: Reloading ResourceManager: Default, FMLFileResourcePack:Forge Mod Loader, FMLFileResourcePack:Minecraft Forge, FMLFileResourcePack:Spectral Guns, FMLFileResourcePack:OpenComputers
[20:08:10] [Sound Library Loader/INFO]: Starting up SoundSystem...
[20:08:10] [Thread-8/INFO]: Initializing LWJGL OpenAL
[20:08:10] [Thread-8/INFO]: (The LWJGL binding of OpenAL.  For more information, see http://www.lwjgl.org)
[20:08:11] [Thread-8/INFO]: OpenAL initialized.
[20:08:11] [Sound Library Loader/INFO]: Sound engine started
[20:08:25] [Client thread/INFO]: Created: 512x512 textures-atlas
[20:08:28] [Client thread/INFO]: Reloading ResourceManager: Default, FMLFileResourcePack:Forge Mod Loader, FMLFileResourcePack:Minecraft Forge, FMLFileResourcePack:Spectral Guns, FMLFileResourcePack:OpenComputers
[20:08:28] [Client thread/INFO]: SoundSystem shutting down...
[20:08:29] [Client thread/WARN]: Author: Paul Lamb, www.paulscode.com
[20:08:29] [Sound Library Loader/INFO]: Starting up SoundSystem...
[20:08:29] [Thread-10/INFO]: Initializing LWJGL OpenAL
[20:08:29] [Thread-10/INFO]: (The LWJGL binding of OpenAL.  For more information, see http://www.lwjgl.org)
[20:08:29] [Thread-10/INFO]: OpenAL initialized.
[20:08:29] [Sound Library Loader/INFO]: Sound engine started
[20:08:32] [Client thread/INFO]: Created: 512x512 textures-atlas
[20:08:51] [Server thread/INFO]: Starting integrated minecraft server version 1.8
[20:08:51] [Server thread/INFO]: Generating keypair
[20:08:54] [Server thread/INFO]: Preparing start region for level 0
[20:08:55] [Server thread/INFO]: Preparing spawn area: 1%
[20:08:56] [Server thread/INFO]: Preparing spawn area: 8%
[20:08:57] [Server thread/INFO]: Preparing spawn area: 83%
[20:08:58] [Server thread/INFO]: Preparing spawn area: 84%
[20:08:59] [Server thread/INFO]: Changing view distance to 16, from 10
[20:09:01] [Server thread/INFO]: Player254[local:E:1414f574] logged in with entity id 261 at (-412.08743463510496, 89.13871866455953, -37.7702186255937)
[20:09:01] [Server thread/INFO]: Player254 joined the game
[20:09:04] [Client thread/INFO]: [CHAT] §aOpenComputers§f: No supported power providing mod available. Computers, screens and all other components will §lnot§f require energy. Install one of the following mods to enable power: BuildCraft, Electrical Age, IndustrialCraft2, Mekanism or Thermal Expansion. Disable power in the config to suppress this warning.
[20:09:05] [Server thread/INFO]: Saving and pausing game...
[20:09:05] [Server thread/INFO]: Saving chunks for level 'guns'/Overworld
[20:09:06] [Server thread/INFO]: Saving chunks for level 'guns'/Nether
[20:09:06] [Server thread/INFO]: Saving chunks for level 'guns'/The End
[20:09:56] [Server thread/INFO]: Player254 has just earned the achievement [Taking Inventory]
[20:09:56] [Client thread/INFO]: [CHAT] Player254 has just earned the achievement [Taking Inventory]
[20:12:33] [Server thread/INFO]: Saving and pausing game...
[20:12:33] [Server thread/INFO]: Saving chunks for level 'guns'/Overworld
[20:12:34] [Server thread/INFO]: Saving chunks for level 'guns'/Nether
[20:12:34] [Server thread/INFO]: Saving chunks for level 'guns'/The End
[20:12:34] [Server thread/INFO]: Stopping server
[20:12:34] [Server thread/INFO]: Saving players
[20:12:34] [Server thread/INFO]: Saving worlds
[20:12:34] [Server thread/INFO]: Saving chunks for level 'guns'/Overworld
[20:12:34] [Server thread/INFO]: Saving chunks for level 'guns'/Nether
[20:12:34] [Server thread/INFO]: Saving chunks for level 'guns'/The End
[20:12:35] [Client thread/INFO]: Stopping!
[20:12:35] [Client thread/INFO]: SoundSystem shutting down...
[20:12:36] [Client thread/WARN]: Author: Paul Lamb, www.paulscode.com
